#
# There is insufficient memory for the Java Runtime Environment to continue.
# Native memory allocation (malloc) failed to allocate 1048576 bytes for AllocateHeap
# Possible reasons:
#   The system is out of physical RAM or swap space
#   The process is running with CompressedOops enabled, and the Java Heap may be blocking the growth of the native heap
# Possible solutions:
#   Reduce memory load on the system
#   Increase physical memory or swap space
#   Check if swap backing store is full
#   Decrease Java heap size (-Xmx/-Xms)
#   Decrease number of Java threads
#   Decrease Java thread stack sizes (-Xss)
#   Set larger code cache with -XX:ReservedCodeCacheSize=
#   JVM is running with Unscaled Compressed Oops mode in which the Java heap is
#     placed in the first 4GB address space. The Java Heap base address is the
#     maximum limit for the native heap growth. Please use -XX:HeapBaseMinAddress
#     to set the Java Heap base and to place the Java Heap above 4GB virtual address.
# This output file may be truncated or incomplete.
#
#  Out of Memory Error (allocation.cpp:44), pid=11444, tid=11380
#
# JRE version:  (21.0.4+8) (build )
# Java VM: Java HotSpot(TM) 64-Bit Server VM (21.0.4+8-LTS-274, mixed mode, sharing, tiered, compressed oops, compressed class ptrs, g1 gc, windows-amd64)
# No core dump will be written. Minidumps are not enabled by default on client versions of Windows
#

---------------  S U M M A R Y ------------

Command Line: -Dfile.encoding=UTF-8 -Dstdout.encoding=UTF-8 -Dstderr.encoding=UTF-8 -XX:+ShowCodeDetailsInExceptionMessages com.employee.bonus.EmployeeBonus

Host: Intel(R) Core(TM) i3-6006U CPU @ 2.00GHz, 4 cores, 3G,  Windows 10 , 64 bit Build 19041 (10.0.19041.5915)
Time: Tue Apr 28 20:00:36 2026 India Standard Time elapsed time: 0.052247 seconds (0d 0h 0m 0s)

---------------  T H R E A D  ---------------

Current thread (0x000001fc54b39280):  JavaThread "Unknown thread" [_thread_in_vm, id=11380, stack(0x000000c4b5b00000,0x000000c4b5c00000) (1024K)]

Stack: [0x000000c4b5b00000,0x000000c4b5c00000]
Native frames: (J=compiled Java code, j=interpreted, Vv=VM code, C=native code)
V  [jvm.dll+0x6c8e59]
V  [jvm.dll+0x853181]
V  [jvm.dll+0x8556ae]
V  [jvm.dll+0x855d83]
V  [jvm.dll+0x27d526]
V  [jvm.dll+0xbf657]
V  [jvm.dll+0x324c55]
V  [jvm.dll+0x81c52d]
V  [jvm.dll+0x3b9a11]
V  [jvm.dll+0x805948]
V  [jvm.dll+0x44ec5e]
V  [jvm.dll+0x450851]
C  [jli.dll+0x52a3]
C  [ucrtbase.dll+0x21bb2]
C  [KERNEL32.DLL+0x17374]
C  [ntdll.dll+0x4cc91]


---------------  P R O C E S S  ---------------

Threads class SMR info:
_java_thread_list=0x00007ff9776a6c08, length=0, elements={
}

Java Threads: ( => current thread )
Total: 0

Other Threads:

=>0x000001fc54b39280 (exited) JavaThread "Unknown thread"    [_thread_in_vm, id=11380, stack(0x000000c4b5b00000,0x000000c4b5c00000) (1024K)]
Total: 1

Threads with active compile tasks:
Total: 0

VM state: not at safepoint (not fully initialized)

VM Mutex/Monitor currently owned by a thread: None

Heap address: 0x0000000000000000, size: 0 MB, Compressed Oops mode: 32-bit

CDS archive(s) mapped at: [0x0000000000000000-0x0000000000000000-0x0000000000000000), size 0, SharedBaseAddress: 0x0000000800000000, ArchiveRelocationMode: 1.
Narrow klass base: 0x0000000000000000, Narrow klass shift: 0, Narrow klass range: 0x0

GC Precious Log:
 CardTable entry size: 512
 Card Set container configuration: InlinePtr #cards 5 size 8 Array Of Cards #cards 12 size 40 Howl #buckets 4 coarsen threshold 1843 Howl Bitmap #cards 512 size 80 coarsen threshold 460 Card regions per heap region 1 cards per card region 2048

GC Heap History (0 events):
No events

Dll operation events (1 events):
Event: 0.017 Loaded shared library C:\Program Files\Java\jdk-21\bin\java.dll

Deoptimization events (0 events):
No events

Classes loaded (0 events):
No events

Classes unloaded (0 events):
No events

Classes redefined (0 events):
No events

Internal exceptions (0 events):
No events

ZGC Phase Switch (0 events):
No events

VM Operations (0 events):
No events

Events (0 events):
No events


Dynamic libraries:
0x00007ff736f30000 - 0x00007ff736f40000 	C:\Program Files\Java\jdk-21\bin\javaw.exe
0x00007ff9aca30000 - 0x00007ff9acc28000 	C:\Windows\SYSTEM32\ntdll.dll
0x00007ff9ac2d0000 - 0x00007ff9ac392000 	C:\Windows\System32\KERNEL32.DLL
0x00007ff9aa3f0000 - 0x00007ff9aa6e6000 	C:\Windows\System32\KERNELBASE.dll
0x00007ff9aa0c0000 - 0x00007ff9aa1c0000 	C:\Windows\System32\ucrtbase.dll
0x00007ff9a5940000 - 0x00007ff9a5959000 	C:\Program Files\Java\jdk-21\bin\jli.dll
0x00007ff9abe40000 - 0x00007ff9abef1000 	C:\Windows\System32\ADVAPI32.dll
0x00007ff9ac950000 - 0x00007ff9ac9ee000 	C:\Windows\System32\msvcrt.dll
0x00007ff9ab430000 - 0x00007ff9ab4cf000 	C:\Windows\System32\sechost.dll
0x00007ff9abf40000 - 0x00007ff9ac060000 	C:\Windows\System32\RPCRT4.dll
0x00007ff9aa370000 - 0x00007ff9aa397000 	C:\Windows\System32\bcrypt.dll
0x00007ff9abc90000 - 0x00007ff9abe31000 	C:\Windows\System32\USER32.dll
0x00007ff9aa6f0000 - 0x00007ff9aa712000 	C:\Windows\System32\win32u.dll
0x00007ff9abaa0000 - 0x00007ff9abacb000 	C:\Windows\System32\GDI32.dll
0x00007ff9aa1c0000 - 0x00007ff9aa2d9000 	C:\Windows\System32\gdi32full.dll
0x00007ff9aa9b0000 - 0x00007ff9aaa4d000 	C:\Windows\System32\msvcp_win.dll
0x00007ff9990f0000 - 0x00007ff99910b000 	C:\Program Files\Java\jdk-21\bin\VCRUNTIME140.dll
0x00007ff99a150000 - 0x00007ff99a3eb000 	C:\Windows\WinSxS\amd64_microsoft.windows.common-controls_6595b64144ccf1df_6.0.19041.6456_none_60b8a6cb71f64256\COMCTL32.dll
0x00007ff9a33c0000 - 0x00007ff9a33ca000 	C:\Windows\SYSTEM32\VERSION.dll
0x00007ff9ac2a0000 - 0x00007ff9ac2cf000 	C:\Windows\System32\IMM32.DLL
0x00007ff9a7450000 - 0x00007ff9a745c000 	C:\Program Files\Java\jdk-21\bin\vcruntime140_1.dll
0x00007ff9833b0000 - 0x00007ff98343e000 	C:\Program Files\Java\jdk-21\bin\msvcp140.dll
0x00007ff976ae0000 - 0x00007ff9777f3000 	C:\Program Files\Java\jdk-21\bin\server\jvm.dll
0x00007ff9ab340000 - 0x00007ff9ab3ab000 	C:\Windows\System32\WS2_32.dll
0x00007ff9a9f20000 - 0x00007ff9a9f6b000 	C:\Windows\SYSTEM32\POWRPROF.dll
0x00007ff995950000 - 0x00007ff995977000 	C:\Windows\SYSTEM32\WINMM.dll
0x00007ff9a9f00000 - 0x00007ff9a9f12000 	C:\Windows\SYSTEM32\UMPDC.dll
0x00007ff9a7ef0000 - 0x00007ff9a7f02000 	C:\Windows\SYSTEM32\kernel.appcore.dll
0x00007ff9995e0000 - 0x00007ff9995ea000 	C:\Program Files\Java\jdk-21\bin\jimage.dll
0x00007ff995990000 - 0x00007ff995b91000 	C:\Windows\SYSTEM32\DBGHELP.DLL
0x00007ff9951b0000 - 0x00007ff9951e4000 	C:\Windows\SYSTEM32\dbgcore.DLL
0x00007ff9aa2e0000 - 0x00007ff9aa362000 	C:\Windows\System32\bcryptPrimitives.dll
0x00007ff992410000 - 0x00007ff99242f000 	C:\Program Files\Java\jdk-21\bin\java.dll

dbghelp: loaded successfully - version: 4.0.5 - missing functions: none
symbol engine: initialized successfully - sym options: 0x614 - pdb path: .;C:\Program Files\Java\jdk-21\bin;C:\Windows\SYSTEM32;C:\Windows\WinSxS\amd64_microsoft.windows.common-controls_6595b64144ccf1df_6.0.19041.6456_none_60b8a6cb71f64256;C:\Program Files\Java\jdk-21\bin\server

VM Arguments:
jvm_args: -Dfile.encoding=UTF-8 -Dstdout.encoding=UTF-8 -Dstderr.encoding=UTF-8 -XX:+ShowCodeDetailsInExceptionMessages 
java_command: com.employee.bonus.EmployeeBonus
java_class_path (initial): F:\Programming(ALL)\MyJAVA\Java Prep\Employee Bonus System\bin
Launcher Type: SUN_STANDARD

[Global flags]
     intx CICompilerCount                          = 3                                         {product} {ergonomic}
     uint ConcGCThreads                            = 1                                         {product} {ergonomic}
     uint G1ConcRefinementThreads                  = 4                                         {product} {ergonomic}
   size_t G1HeapRegionSize                         = 1048576                                   {product} {ergonomic}
    uintx GCDrainStackTargetSize                   = 64                                        {product} {ergonomic}
   size_t InitialHeapSize                          = 67108864                                  {product} {ergonomic}
   size_t MarkStackSize                            = 4194304                                   {product} {ergonomic}
   size_t MaxHeapSize                              = 1042284544                                {product} {ergonomic}
   size_t MinHeapDeltaBytes                        = 1048576                                   {product} {ergonomic}
   size_t MinHeapSize                              = 8388608                                   {product} {ergonomic}
    uintx NonNMethodCodeHeapSize                   = 5832780                                {pd product} {ergonomic}
    uintx NonProfiledCodeHeapSize                  = 122912730                              {pd product} {ergonomic}
    uintx ProfiledCodeHeapSize                     = 122912730                              {pd product} {ergonomic}
    uintx ReservedCodeCacheSize                    = 251658240                              {pd product} {ergonomic}
     bool SegmentedCodeCache                       = true                                      {product} {ergonomic}
     bool ShowCodeDetailsInExceptionMessages       = true                                   {manageable} {command line}
   size_t SoftMaxHeapSize                          = 1042284544                             {manageable} {ergonomic}
     bool UseCompressedOops                        = true                           {product lp64_product} {ergonomic}
     bool UseG1GC                                  = true                                      {product} {ergonomic}
     bool UseLargePagesIndividualAllocation        = false                                  {pd product} {ergonomic}

Logging:
Log output configuration:
 #0: stdout all=warning uptime,level,tags foldmultilines=false
 #1: stderr all=off uptime,level,tags foldmultilines=false

Environment Variables:
JAVA_HOME=C:\Program Files\Java\jdk-21
PATH=C:/Program Files/Java/jdk-21/bin/server;C:/Program Files/Java/jdk-21/bin;C:\Program Files (x86)\VMware\VMware Workstation\bin\;C:\Program Files\Common Files\Oracle\Java\javapath;C:\Windows\system32;C:\Windows;C:\Windows\System32\Wbem;C:\Windows\System32\WindowsPowerShell\v1.0\;C:\Windows\System32\OpenSSH\;C:\MinGW\bin;C:\TDM-GCC-32\bin;C:\Program Files\CodeBlocks\MinGW\bin;C:\Program Files\Java\jdk-21\bin;C:\Program Files\nodejs\;C:\Program Files\nodejs\node_modules\npm\bin;C:\Program Files\Docker\Docker\resources\bin;C:\Program Files\Microsoft SQL Server\150\Tools\Binn\;C:\Program Files\Microsoft SQL Server\Client SDK\ODBC\170\Tools\Binn\;C:\Program Files\dotnet\;F:\Tomcat\apache-tomcat-11.0.20\bin;C:\Program Files\Git\cmd;C:\Program Files\MySQL\MySQL Shell 8.0\bin\;C:\Users\ACER\AppData\Local\Microsoft\WindowsApps;C:\TDM-GCC-32\bin;C:\Program Files\MongoDB\Server\8.0\bin;C:\Users\ACER\AppData\Roaming\npm;C:\Users\ACER\AppData\Local\Programs\Microsoft VS Code\bin;C:\Users\ACER\.dotnet\tools;C:\Program Files\PostgreSQL\18\bin;;C:\Users\ACER\Desktop;
USERNAME=ACER
OS=Windows_NT
PROCESSOR_IDENTIFIER=Intel64 Family 6 Model 78 Stepping 3, GenuineIntel
TMP=C:\Users\ACER\AppData\Local\Temp
TEMP=C:\Users\ACER\AppData\Local\Temp




Periodic native trim disabled

---------------  S Y S T E M  ---------------

OS:
 Windows 10 , 64 bit Build 19041 (10.0.19041.5915)
OS uptime: 1 days 2:30 hours
Hyper-V role detected

CPU: total 4 (initial active 4) (2 cores per cpu, 2 threads per core) family 6 model 78 stepping 3 microcode 0xcc, cx8, cmov, fxsr, ht, mmx, 3dnowpref, sse, sse2, sse3, ssse3, sse4.1, sse4.2, popcnt, lzcnt, tsc, tscinvbit, avx, avx2, aes, erms, clmul, bmi1, bmi2, adx, fma, vzeroupper, clflush, clflushopt, hv, rdtscp, f16c
Processor Information for processor 0
  Max Mhz: 1992, Current Mhz: 1494, Mhz Limit: 1992
Processor Information for processor 1
  Max Mhz: 1992, Current Mhz: 1494, Mhz Limit: 1992
Processor Information for processor 2
  Max Mhz: 1992, Current Mhz: 1992, Mhz Limit: 1992
Processor Information for processor 3
  Max Mhz: 1992, Current Mhz: 1494, Mhz Limit: 1992

Memory: 4k page, system-wide physical 3973M (298M free)
TotalPageFile size 16261M (AvailPageFile size 5M)
current process WorkingSet (physical memory assigned to process): 9M, peak: 9M
current process commit charge ("private bytes"): 12M, peak: 13M

vm_info: Java HotSpot(TM) 64-Bit Server VM (21.0.4+8-LTS-274) for windows-amd64 JRE (21.0.4+8-LTS-274), built on 2024-06-05T05:23:33Z by "mach5one" with MS VC++ 17.6 (VS2022)

END.
